<?xml version="1.0" encoding="UTF-8"?>
<!-- Generated by org.testng.reporters.JUnitXMLReporter -->
<testsuite hostname="DESKTOP-PGP87JA" ignored="0" name="Test" tests="3" failures="0" timestamp="09 Sep 2020 09:44:02 GMT" time="21.894" errors="0">
  <testcase name="@BeforeClass loginToApp" time="20.092" classname="testScripts.FunctionalTestClass">
    <failure type="java.lang.AssertionError" message="expected [Find a Flight: Mercury Tours:] but found [Login: Mercury Tours]">
      <![CDATA[java.lang.AssertionError: expected [Find a Flight: Mercury Tours:] but found [Login: Mercury Tours]
at testScripts.FunctionalTestClass.loginToApp(FunctionalTestClass.java:59)
... Removed 32 stack frames]]>
    </failure>
  </testcase> <!-- @BeforeClass loginToApp -->
  <testcase name="@BeforeMethod beforeTest" time="0.0" classname="testScripts.FunctionalTestClass">
    <skipped/>
  </testcase> <!-- @BeforeMethod beforeTest -->
  <testcase name="@AfterMethod afterTest" time="0.0" classname="testScripts.FunctionalTestClass">
    <skipped/>
  </testcase> <!-- @AfterMethod afterTest -->
  <testcase name="@BeforeMethod beforeTest" time="0.0" classname="testScripts.FunctionalTestClass">
    <skipped/>
  </testcase> <!-- @BeforeMethod beforeTest -->
  <testcase name="@AfterMethod afterTest" time="0.0" classname="testScripts.FunctionalTestClass">
    <skipped/>
  </testcase> <!-- @AfterMethod afterTest -->
  <testcase name="@BeforeMethod beforeTest" time="0.0" classname="testScripts.FunctionalTestClass">
    <skipped/>
  </testcase> <!-- @BeforeMethod beforeTest -->
  <testcase name="@AfterMethod afterTest" time="0.0" classname="testScripts.FunctionalTestClass">
    <skipped/>
  </testcase> <!-- @AfterMethod afterTest -->
  <testcase name="@AfterClass logoutApp" time="0.0" classname="testScripts.FunctionalTestClass">
    <skipped/>
  </testcase> <!-- @AfterClass logoutApp -->
  <testcase name="mercuryTicketBooking on [FunctionalTestClass passed=0 failed=0 skipped=0]" time="0.0" classname="testScripts.FunctionalTestClass">
    <skipped/>
  </testcase> <!-- mercuryTicketBooking on [FunctionalTestClass passed=0 failed=0 skipped=0] -->
  <testcase name="mercuryTicketBooking on [FunctionalTestClass passed=0 failed=0 skipped=0]" time="0.0" classname="testScripts.FunctionalTestClass">
    <skipped/>
  </testcase> <!-- mercuryTicketBooking on [FunctionalTestClass passed=0 failed=0 skipped=0] -->
  <testcase name="mercuryTicketBooking on [FunctionalTestClass passed=0 failed=0 skipped=0]" time="0.0" classname="testScripts.FunctionalTestClass">
    <skipped/>
  </testcase> <!-- mercuryTicketBooking on [FunctionalTestClass passed=0 failed=0 skipped=0] -->
</testsuite> <!-- Test -->
